Determining if the pthread_create exist failed with the following output:
Change Dir: /home/pedrito/CLionProjects/server/cmake-build-debug/CMakeFiles/CMakeTmp

Run Build Command:"/usr/bin/make" "cmTC_bae9b/fast"
make[1] : on entre dans le répertoire « /home/pedrito/CLionProjects/server/cmake-build-debug/CMakeFiles/CMakeTmp »
/usr/bin/make -f CMakeFiles/cmTC_bae9b.dir/build.make CMakeFiles/cmTC_bae9b.dir/build
make[2] : on entre dans le répertoire « /home/pedrito/CLionProjects/server/cmake-build-debug/CMakeFiles/CMakeTmp »
Building C object CMakeFiles/cmTC_bae9b.dir/CheckSymbolExists.c.o
/usr/bin/cc    -o CMakeFiles/cmTC_bae9b.dir/CheckSymbolExists.c.o   -c /home/pedrito/CLionProjects/server/cmake-build-debug/CMakeFiles/CMakeTmp/CheckSymbolExists.c
Linking C executable cmTC_bae9b
/home/pedrito/.local/share/JetBrains/Toolbox/apps/CLion/ch-0/183.4886.39/bin/cmake/linux/bin/cmake -E cmake_link_script CMakeFiles/cmTC_bae9b.dir/link.txt --verbose=1
/usr/bin/cc      CMakeFiles/cmTC_bae9b.dir/CheckSymbolExists.c.o  -o cmTC_bae9b 
CMakeFiles/cmTC_bae9b.dir/CheckSymbolExists.c.o : Dans la fonction « main » :
CheckSymbolExists.c:(.text+0x1b) : référence indéfinie vers « pthread_create »
collect2: error: ld returned 1 exit status
CMakeFiles/cmTC_bae9b.dir/build.make:86: recipe for target 'cmTC_bae9b' failed
make[2]: *** [cmTC_bae9b] Error 1
make[2] : on quitte le répertoire « /home/pedrito/CLionProjects/server/cmake-build-debug/CMakeFiles/CMakeTmp »
Makefile:121: recipe for target 'cmTC_bae9b/fast' failed
make[1]: *** [cmTC_bae9b/fast] Error 2
make[1] : on quitte le répertoire « /home/pedrito/CLionProjects/server/cmake-build-debug/CMakeFiles/CMakeTmp »

File /home/pedrito/CLionProjects/server/cmake-build-debug/CMakeFiles/CMakeTmp/CheckSymbolExists.c:
/* */
#include <pthread.h>

int main(int argc, char** argv)
{
  (void)argv;
#ifndef pthread_create
  return ((int*)(&pthread_create))[argc];
#else
  (void)argc;
  return 0;
#endif
}

